5493815296061:ENCOLADO ans_343c9c54-9393-4db1-8a85-be70c3b2227b
EJECUTANDO:ans_343c9c54-9393-4db1-8a85-be70c3b2227b
5493815296061:SUCCESS
5493815296061:ENCOLADO ans_213eae31-3b80-490b-8737-e38bde6011f4
EJECUTANDO:ans_213eae31-3b80-490b-8737-e38bde6011f4
5493815296061:SUCCESS
5493815681474:ENCOLADO ans_343c9c54-9393-4db1-8a85-be70c3b2227b
EJECUTANDO:ans_343c9c54-9393-4db1-8a85-be70c3b2227b
5493815681474:SUCCESS
5493815681474:ENCOLADO ans_213eae31-3b80-490b-8737-e38bde6011f4
EJECUTANDO:ans_213eae31-3b80-490b-8737-e38bde6011f4
5493815681474:SUCCESS
5493815681474:ENCOLADO ans_343c9c54-9393-4db1-8a85-be70c3b2227b
EJECUTANDO:ans_343c9c54-9393-4db1-8a85-be70c3b2227b
5493815681474:SUCCESS
5493815681474:ENCOLADO ans_213eae31-3b80-490b-8737-e38bde6011f4
EJECUTANDO:ans_213eae31-3b80-490b-8737-e38bde6011f4
5493815681474:SUCCESS
1711994920@broadcast:ENCOLADO ans_343c9c54-9393-4db1-8a85-be70c3b2227b
EJECUTANDO:ans_343c9c54-9393-4db1-8a85-be70c3b2227b
1711994920@broadcast:ERROR: undefined
